<?xml version="1.0" encoding="UTF-8"?>
<Site BuildName="Win32-MSBuild"
	BuildStamp="20231206-1911-Experimental"
	Name="ManzeloPC"
	Generator="ctest-3.28.0-rc5"
	CompilerName="C:/Program Files/Microsoft Visual Studio/2022/Community/VC/Tools/MSVC/14.35.32215/bin/Hostx64/x64/cl.exe"
	CompilerVersion="19.35.32216.1"
	OSName="Windows"
	Hostname="ManzeloPC"
	OSRelease=" Professional"
	OSVersion=" (Build 22000)"
	OSPlatform="AMD64"
	Is64Bits="1"
	VendorString="GenuineIntel"
	VendorID="Intel Corporation"
	FamilyID="6"
	ModelID="14"
	ProcessorCacheSize="-1"
	NumberOfLogicalCPU="4"
	NumberOfPhysicalCPU="4"
	TotalVirtualMemory="22480"
	TotalPhysicalMemory="8144"
	LogicalProcessorsPerPhysical="1"
	ProcessorClockFrequency="2712"
	>
	<Testing>
		<StartDateTime>Dec 06 19:17 E. South America Standard Time</StartDateTime>
		<StartTestTime>1701901079</StartTestTime>
		<TestList/>
		<EndDateTime>Dec 06 19:17 E. South America Standard Time</EndDateTime>
		<EndTestTime>1701901079</EndTestTime>
		<ElapsedMinutes>0</ElapsedMinutes>
	</Testing>
</Site>
